2026-03-07 17:19:43 INFO main - brokerConfigPath=
2026-03-07 17:19:43 INFO main - rocketmqHome=/home/rocketmq/rocketmq-5.2.0
2026-03-07 17:19:43 INFO main - namesrvAddr=rocketmq-namesrv:9876
2026-03-07 17:19:43 INFO main - listenPort=10911
2026-03-07 17:19:43 INFO main - brokerIP1=127.0.0.1
2026-03-07 17:19:43 INFO main - brokerIP2=172.18.0.6
2026-03-07 17:19:43 INFO main - recoverConcurrently=false
2026-03-07 17:19:43 INFO main - brokerPermission=6
2026-03-07 17:19:43 INFO main - defaultTopicQueueNums=8
2026-03-07 17:19:43 INFO main - autoCreateTopicEnable=true
2026-03-07 17:19:43 INFO main - clusterTopicEnable=true
2026-03-07 17:19:43 INFO main - brokerTopicEnable=true
2026-03-07 17:19:43 INFO main - autoCreateSubscriptionGroup=true
2026-03-07 17:19:43 INFO main - messageStorePlugIn=
2026-03-07 17:19:43 INFO main - msgTraceTopicName=RMQ_SYS_TRACE_TOPIC
2026-03-07 17:19:43 INFO main - traceTopicEnable=false
2026-03-07 17:19:43 INFO main - sendMessageThreadPoolNums=4
2026-03-07 17:19:43 INFO main - putMessageFutureThreadPoolNums=4
2026-03-07 17:19:43 INFO main - pullMessageThreadPoolNums=36
2026-03-07 17:19:43 INFO main - litePullMessageThreadPoolNums=36
2026-03-07 17:19:43 INFO main - ackMessageThreadPoolNums=3
2026-03-07 17:19:43 INFO main - processReplyMessageThreadPoolNums=36
2026-03-07 17:19:43 INFO main - queryMessageThreadPoolNums=18
2026-03-07 17:19:43 INFO main - adminBrokerThreadPoolNums=16
2026-03-07 17:19:43 INFO main - clientManageThreadPoolNums=32
2026-03-07 17:19:43 INFO main - consumerManageThreadPoolNums=32
2026-03-07 17:19:43 INFO main - loadBalanceProcessorThreadPoolNums=32
2026-03-07 17:19:43 INFO main - heartbeatThreadPoolNums=10
2026-03-07 17:19:43 INFO main - recoverThreadPoolNums=32
2026-03-07 17:19:43 INFO main - endTransactionThreadPoolNums=28
2026-03-07 17:19:43 INFO main - flushConsumerOffsetInterval=5000
2026-03-07 17:19:43 INFO main - flushConsumerOffsetHistoryInterval=60000
2026-03-07 17:19:43 INFO main - rejectTransactionMessage=false
2026-03-07 17:19:43 INFO main - fetchNameSrvAddrByDnsLookup=false
2026-03-07 17:19:43 INFO main - fetchNamesrvAddrByAddressServer=false
2026-03-07 17:19:43 INFO main - sendThreadPoolQueueCapacity=10000
2026-03-07 17:19:43 INFO main - putThreadPoolQueueCapacity=10000
2026-03-07 17:19:43 INFO main - pullThreadPoolQueueCapacity=100000
2026-03-07 17:19:43 INFO main - litePullThreadPoolQueueCapacity=100000
2026-03-07 17:19:43 INFO main - ackThreadPoolQueueCapacity=100000
2026-03-07 17:19:43 INFO main - replyThreadPoolQueueCapacity=10000
2026-03-07 17:19:43 INFO main - queryThreadPoolQueueCapacity=20000
2026-03-07 17:19:43 INFO main - clientManagerThreadPoolQueueCapacity=1000000
2026-03-07 17:19:43 INFO main - consumerManagerThreadPoolQueueCapacity=1000000
2026-03-07 17:19:43 INFO main - heartbeatThreadPoolQueueCapacity=50000
2026-03-07 17:19:43 INFO main - endTransactionPoolQueueCapacity=100000
2026-03-07 17:19:43 INFO main - adminBrokerThreadPoolQueueCapacity=10000
2026-03-07 17:19:43 INFO main - loadBalanceThreadPoolQueueCapacity=100000
2026-03-07 17:19:43 INFO main - longPollingEnable=true
2026-03-07 17:19:43 INFO main - shortPollingTimeMills=1000
2026-03-07 17:19:43 INFO main - notifyConsumerIdsChangedEnable=true
2026-03-07 17:19:43 INFO main - highSpeedMode=false
2026-03-07 17:19:43 INFO main - commercialBaseCount=1
2026-03-07 17:19:43 INFO main - commercialSizePerMsg=4096
2026-03-07 17:19:43 INFO main - accountStatsEnable=true
2026-03-07 17:19:43 INFO main - accountStatsPrintZeroValues=true
2026-03-07 17:19:43 INFO main - transferMsgByHeap=true
2026-03-07 17:19:43 INFO main - regionId=DefaultRegion
2026-03-07 17:19:43 INFO main - registerBrokerTimeoutMills=24000
2026-03-07 17:19:43 INFO main - sendHeartbeatTimeoutMillis=1000
2026-03-07 17:19:43 INFO main - slaveReadEnable=false
2026-03-07 17:19:43 INFO main - disableConsumeIfConsumerReadSlowly=false
2026-03-07 17:19:43 INFO main - consumerFallbehindThreshold=17179869184
2026-03-07 17:19:43 INFO main - brokerFastFailureEnable=true
2026-03-07 17:19:43 INFO main - waitTimeMillsInSendQueue=200
2026-03-07 17:19:43 INFO main - waitTimeMillsInPullQueue=5000
2026-03-07 17:19:43 INFO main - waitTimeMillsInLitePullQueue=5000
2026-03-07 17:19:43 INFO main - waitTimeMillsInHeartbeatQueue=31000
2026-03-07 17:19:43 INFO main - waitTimeMillsInTransactionQueue=3000
2026-03-07 17:19:43 INFO main - waitTimeMillsInAckQueue=3000
2026-03-07 17:19:43 INFO main - startAcceptSendRequestTimeStamp=0
2026-03-07 17:19:43 INFO main - traceOn=true
2026-03-07 17:19:43 INFO main - enableCalcFilterBitMap=false
2026-03-07 17:19:43 INFO main - rejectPullConsumerEnable=false
2026-03-07 17:19:43 INFO main - expectConsumerNumUseFilter=32
2026-03-07 17:19:43 INFO main - maxErrorRateOfBloomFilter=20
2026-03-07 17:19:43 INFO main - filterDataCleanTimeSpan=86400000
2026-03-07 17:19:43 INFO main - filterSupportRetry=false
2026-03-07 17:19:43 INFO main - enablePropertyFilter=false
2026-03-07 17:19:43 INFO main - compressedRegister=false
2026-03-07 17:19:43 INFO main - forceRegister=true
2026-03-07 17:19:43 INFO main - registerNameServerPeriod=30000
2026-03-07 17:19:43 INFO main - brokerHeartbeatInterval=1000
2026-03-07 17:19:43 INFO main - brokerNotActiveTimeoutMillis=10000
2026-03-07 17:19:43 INFO main - enableNetWorkFlowControl=false
2026-03-07 17:19:43 INFO main - enableBroadcastOffsetStore=true
2026-03-07 17:19:43 INFO main - broadcastOffsetExpireSecond=120
2026-03-07 17:19:43 INFO main - broadcastOffsetExpireMaxSecond=300
2026-03-07 17:19:43 INFO main - popPollingSize=1024
2026-03-07 17:19:43 INFO main - popPollingMapSize=100000
2026-03-07 17:19:43 INFO main - maxPopPollingSize=100000
2026-03-07 17:19:43 INFO main - reviveQueueNum=8
2026-03-07 17:19:43 INFO main - reviveInterval=1000
2026-03-07 17:19:43 INFO main - reviveMaxSlow=3
2026-03-07 17:19:43 INFO main - reviveScanTime=10000
2026-03-07 17:19:43 INFO main - enableSkipLongAwaitingAck=false
2026-03-07 17:19:43 INFO main - reviveAckWaitMs=180000
2026-03-07 17:19:43 INFO main - enablePopLog=false
2026-03-07 17:19:43 INFO main - enablePopBufferMerge=false
2026-03-07 17:19:43 INFO main - popCkStayBufferTime=10000
2026-03-07 17:19:43 INFO main - popCkStayBufferTimeOut=3000
2026-03-07 17:19:43 INFO main - popCkMaxBufferSize=200000
2026-03-07 17:19:43 INFO main - popCkOffsetMaxQueueSize=20000
2026-03-07 17:19:43 INFO main - enablePopBatchAck=false
2026-03-07 17:19:43 INFO main - enableNotifyAfterPopOrderLockRelease=true
2026-03-07 17:19:43 INFO main - initPopOffsetByCheckMsgInMem=true
2026-03-07 17:19:43 INFO main - retrieveMessageFromPopRetryTopicV1=true
2026-03-07 17:19:43 INFO main - enableRetryTopicV2=false
2026-03-07 17:19:43 INFO main - realTimeNotifyConsumerChange=true
2026-03-07 17:19:43 INFO main - litePullMessageEnable=true
2026-03-07 17:19:43 INFO main - syncBrokerMemberGroupPeriod=1000
2026-03-07 17:19:43 INFO main - loadBalancePollNameServerInterval=30000
2026-03-07 17:19:43 INFO main - cleanOfflineBrokerInterval=30000
2026-03-07 17:19:43 INFO main - serverLoadBalancerEnable=true
2026-03-07 17:19:43 INFO main - defaultMessageRequestMode=PULL
2026-03-07 17:19:43 INFO main - defaultPopShareQueueNum=-1
2026-03-07 17:19:43 INFO main - transactionTimeOut=6000
2026-03-07 17:19:43 INFO main - transactionCheckMax=15
2026-03-07 17:19:43 INFO main - transactionCheckInterval=30000
2026-03-07 17:19:43 INFO main - transactionMetricFlushInterval=3000
2026-03-07 17:19:43 INFO main - transactionOpMsgMaxSize=4096
2026-03-07 17:19:43 INFO main - transactionOpBatchInterval=3000
2026-03-07 17:19:43 INFO main - aclEnable=false
2026-03-07 17:19:43 INFO main - storeReplyMessageEnable=true
2026-03-07 17:19:43 INFO main - enableDetailStat=true
2026-03-07 17:19:43 INFO main - autoDeleteUnusedStats=false
2026-03-07 17:19:43 INFO main - isolateLogEnable=false
2026-03-07 17:19:43 INFO main - forwardTimeout=3000
2026-03-07 17:19:43 INFO main - enableSlaveActingMaster=false
2026-03-07 17:19:43 INFO main - enableRemoteEscape=false
2026-03-07 17:19:43 INFO main - skipPreOnline=false
2026-03-07 17:19:43 INFO main - asyncSendEnable=true
2026-03-07 17:19:43 INFO main - useServerSideResetOffset=true
2026-03-07 17:19:43 INFO main - consumerOffsetUpdateVersionStep=500
2026-03-07 17:19:43 INFO main - delayOffsetUpdateVersionStep=200
2026-03-07 17:19:43 INFO main - lockInStrictMode=false
2026-03-07 17:19:43 INFO main - compatibleWithOldNameSrv=true
2026-03-07 17:19:43 INFO main - enableControllerMode=false
2026-03-07 17:19:43 INFO main - controllerAddr=
2026-03-07 17:19:43 INFO main - fetchControllerAddrByDnsLookup=false
2026-03-07 17:19:43 INFO main - syncBrokerMetadataPeriod=5000
2026-03-07 17:19:43 INFO main - checkSyncStateSetPeriod=5000
2026-03-07 17:19:43 INFO main - syncControllerMetadataPeriod=10000
2026-03-07 17:19:43 INFO main - controllerHeartBeatTimeoutMills=10000
2026-03-07 17:19:43 INFO main - validateSystemTopicWhenUpdateTopic=true
2026-03-07 17:19:43 INFO main - brokerElectionPriority=2147483647
2026-03-07 17:19:43 INFO main - useStaticSubscription=false
2026-03-07 17:19:43 INFO main - metricsExporterType=DISABLE
2026-03-07 17:19:43 INFO main - metricsOtelCardinalityLimit=50000
2026-03-07 17:19:43 INFO main - metricsGrpcExporterTarget=
2026-03-07 17:19:43 INFO main - metricsGrpcExporterHeader=
2026-03-07 17:19:43 INFO main - metricGrpcExporterTimeOutInMills=3000
2026-03-07 17:19:43 INFO main - metricGrpcExporterIntervalInMills=60000
2026-03-07 17:19:43 INFO main - metricLoggingExporterIntervalInMills=10000
2026-03-07 17:19:43 INFO main - metricsPromExporterPort=5557
2026-03-07 17:19:43 INFO main - metricsPromExporterHost=
2026-03-07 17:19:43 INFO main - metricsLabel=
2026-03-07 17:19:43 INFO main - metricsInDelta=false
2026-03-07 17:19:43 INFO main - channelExpiredTimeout=120000
2026-03-07 17:19:43 INFO main - subscriptionExpiredTimeout=600000
2026-03-07 17:19:43 INFO main - estimateAccumulation=true
2026-03-07 17:19:43 INFO main - coldCtrStrategyEnable=false
2026-03-07 17:19:43 INFO main - usePIDColdCtrStrategy=true
2026-03-07 17:19:43 INFO main - cgColdReadThreshold=3145728
2026-03-07 17:19:43 INFO main - globalColdReadThreshold=104857600
2026-03-07 17:19:43 INFO main - fetchNamesrvAddrInterval=10000
2026-03-07 17:19:43 INFO main - popResponseReturnActualRetryTopic=false
2026-03-07 17:19:43 INFO main - enableSingleTopicRegister=false
2026-03-07 17:19:43 INFO main - enableMixedMessageType=false
2026-03-07 17:19:43 INFO main - enableSplitRegistration=false
2026-03-07 17:19:43 INFO main - popInflightMessageThreshold=10000
2026-03-07 17:19:43 INFO main - enablePopMessageThreshold=false
2026-03-07 17:19:43 INFO main - splitRegistrationSize=800
2026-03-07 17:19:43 INFO main - configBlackList=configBlackList;brokerConfigPath
2026-03-07 17:19:43 INFO main - bindAddress=0.0.0.0
2026-03-07 17:19:43 INFO main - listenPort=10911
2026-03-07 17:19:43 INFO main - serverWorkerThreads=8
2026-03-07 17:19:43 INFO main - serverCallbackExecutorThreads=0
2026-03-07 17:19:43 INFO main - serverSelectorThreads=3
2026-03-07 17:19:43 INFO main - serverOnewaySemaphoreValue=256
2026-03-07 17:19:43 INFO main - serverAsyncSemaphoreValue=64
2026-03-07 17:19:43 INFO main - serverChannelMaxIdleTimeSeconds=120
2026-03-07 17:19:43 INFO main - serverSocketSndBufSize=0
2026-03-07 17:19:43 INFO main - serverSocketRcvBufSize=0
2026-03-07 17:19:43 INFO main - writeBufferHighWaterMark=0
2026-03-07 17:19:43 INFO main - writeBufferLowWaterMark=0
2026-03-07 17:19:43 INFO main - serverSocketBacklog=1024
2026-03-07 17:19:43 INFO main - serverPooledByteBufAllocatorEnable=true
2026-03-07 17:19:43 INFO main - enableShutdownGracefully=false
2026-03-07 17:19:43 INFO main - shutdownWaitTimeSeconds=30
2026-03-07 17:19:43 INFO main - useEpollNativeSelector=false
2026-03-07 17:19:43 INFO main - clientWorkerThreads=4
2026-03-07 17:19:43 INFO main - clientCallbackExecutorThreads=10
2026-03-07 17:19:43 INFO main - clientOnewaySemaphoreValue=65535
2026-03-07 17:19:43 INFO main - clientAsyncSemaphoreValue=65535
2026-03-07 17:19:43 INFO main - connectTimeoutMillis=3000
2026-03-07 17:19:43 INFO main - channelNotActiveInterval=60000
2026-03-07 17:19:43 INFO main - clientChannelMaxIdleTimeSeconds=120
2026-03-07 17:19:43 INFO main - clientSocketSndBufSize=0
2026-03-07 17:19:43 INFO main - clientSocketRcvBufSize=0
2026-03-07 17:19:43 INFO main - clientPooledByteBufAllocatorEnable=false
2026-03-07 17:19:43 INFO main - clientCloseSocketIfTimeout=true
2026-03-07 17:19:43 INFO main - useTLS=false
2026-03-07 17:19:43 INFO main - socksProxyConfig={}
2026-03-07 17:19:43 INFO main - writeBufferHighWaterMark=0
2026-03-07 17:19:43 INFO main - writeBufferLowWaterMark=0
2026-03-07 17:19:43 INFO main - disableCallbackExecutor=false
2026-03-07 17:19:43 INFO main - disableNettyWorkerGroup=false
2026-03-07 17:19:43 INFO main - maxReconnectIntervalTimeSeconds=60
2026-03-07 17:19:43 INFO main - Looking for a resource file of name [META-INF/service/org.apache.rocketmq.store.ha.HAService] ...
2026-03-07 17:19:43 WARN main - No resource file with name [META-INF/service/org.apache.rocketmq.store.ha.HAService] found.
2026-03-07 17:19:46 INFO main - Set user specified name server address: rocketmq-namesrv:9876
2026-03-07 17:19:46 INFO main - Looking for a resource file of name [META-INF/service/org.apache.rocketmq.broker.transaction.TransactionalMessageService] ...
2026-03-07 17:19:46 WARN main - No resource file with name [META-INF/service/org.apache.rocketmq.broker.transaction.TransactionalMessageService] found.
2026-03-07 17:19:46 INFO main - Try to start service thread:TransactionalOpBatchService started:false lastThread:null
2026-03-07 17:19:46 INFO main - Start service thread:TransactionalOpBatchService started:true lastThread:Thread[TransactionalOpBatchService,5,main]
2026-03-07 17:19:46 WARN main - Load default transaction message hook service: TransactionalMessageServiceImpl
2026-03-07 17:19:46 INFO main - Looking for a resource file of name [META-INF/service/org.apache.rocketmq.broker.transaction.AbstractTransactionalMessageCheckListener] ...
2026-03-07 17:19:46 WARN main - No resource file with name [META-INF/service/org.apache.rocketmq.broker.transaction.AbstractTransactionalMessageCheckListener] found.
2026-03-07 17:19:46 WARN main - Load default discard message hook service: DefaultTransactionalMessageCheckListener
2026-03-07 17:19:46 INFO main - Try to start service thread:TransactionFlushService started:false lastThread:null
2026-03-07 17:19:46 INFO main - Start service thread:TransactionFlushService started:true lastThread:Thread[TransactionFlushService,5,main]
2026-03-07 17:19:46 INFO main - The broker dose not enable acl
2026-03-07 17:19:46 INFO main - Looking for a resource file of name [META-INF/service/org.apache.rocketmq.remoting.RPCHook] ...
2026-03-07 17:19:46 WARN main - No resource file with name [META-INF/service/org.apache.rocketmq.remoting.RPCHook] found.
2026-03-07 17:19:46 INFO main - Try to start service thread:NettyEventExecutor started:false lastThread:null
2026-03-07 17:19:46 INFO main - Start service thread:NettyEventExecutor started:true lastThread:Thread[NettyEventExecutor,5,main]
2026-03-07 17:19:46 INFO main - Try to start service thread:AllocateMappedFileService started:false lastThread:null
2026-03-07 17:19:46 INFO main - Start service thread:AllocateMappedFileService started:true lastThread:Thread[AllocateMappedFileService,5,main]
2026-03-07 17:19:46 INFO main - Try to start service thread:ReputMessageService started:false lastThread:null
2026-03-07 17:19:46 INFO main - Start service thread:ReputMessageService started:true lastThread:Thread[ReputMessageService,5,main]
2026-03-07 17:19:46 INFO main - Try to start service thread:FlushConsumeQueueService started:false lastThread:null
2026-03-07 17:19:46 INFO main - Start service thread:FlushConsumeQueueService started:true lastThread:Thread[FlushConsumeQueueService,5,main]
2026-03-07 17:19:46 INFO main - Try to start service thread:FlushRealTimeService started:false lastThread:null
2026-03-07 17:19:46 INFO main - Start service thread:FlushRealTimeService started:true lastThread:Thread[FlushRealTimeService,5,main]
2026-03-07 17:19:46 INFO main - Try to start service thread:FlushDiskWatcher started:false lastThread:null
2026-03-07 17:19:46 INFO main - Start service thread:FlushDiskWatcher started:true lastThread:Thread[FlushDiskWatcher,5,main]
2026-03-07 17:19:46 INFO main - Try to start service thread:ColdDataCheckService started:false lastThread:null
2026-03-07 17:19:46 INFO main - Start service thread:ColdDataCheckService started:true lastThread:Thread[ColdDataCheckService,5,main]
2026-03-07 17:19:46 INFO main - Try to start service thread:StoreStatsService started:false lastThread:null
2026-03-07 17:19:46 INFO main - Start service thread:StoreStatsService started:true lastThread:Thread[StoreStatsService,5,main]
2026-03-07 17:19:46 INFO main - Try to start service thread:DefaultAcceptSocketService started:false lastThread:null
2026-03-07 17:19:46 INFO main - Start service thread:DefaultAcceptSocketService started:true lastThread:Thread[DefaultAcceptSocketService,5,main]
2026-03-07 17:19:46 INFO main - Try to start service thread:GroupTransferService started:false lastThread:null
2026-03-07 17:19:46 INFO main - Start service thread:GroupTransferService started:true lastThread:Thread[GroupTransferService,5,main]
2026-03-07 17:19:46 INFO main - Try to start service thread:HAConnectionStateNotificationService started:false lastThread:null
2026-03-07 17:19:46 INFO main - Start service thread:HAConnectionStateNotificationService started:true lastThread:Thread[HAConnectionStateNotificationService,5,main]
2026-03-07 17:19:46 INFO main - Try to start service thread:org.apache.rocketmq.store.util.PerfCounter$Ticks started:false lastThread:null
2026-03-07 17:19:46 INFO main - Start service thread:org.apache.rocketmq.store.util.PerfCounter$Ticks started:true lastThread:Thread[org.apache.rocketmq.store.util.PerfCounter$Ticks,5,main]
2026-03-07 17:19:46 INFO main - Try to start service thread:TimerEnqueueGetService started:false lastThread:null
2026-03-07 17:19:46 INFO main - Start service thread:TimerEnqueueGetService started:true lastThread:Thread[TimerEnqueueGetService,5,main]
2026-03-07 17:19:46 INFO main - Try to start service thread:TimerEnqueuePutService started:false lastThread:null
2026-03-07 17:19:46 INFO main - Start service thread:TimerEnqueuePutService started:true lastThread:Thread[TimerEnqueuePutService,5,main]
2026-03-07 17:19:46 INFO main - Try to start service thread:TimerDequeueWarmService started:false lastThread:null
2026-03-07 17:19:46 INFO main - Start service thread:TimerDequeueWarmService started:true lastThread:Thread[TimerDequeueWarmService,5,main]
2026-03-07 17:19:46 INFO main - Try to start service thread:TimerDequeueGetService started:false lastThread:null
2026-03-07 17:19:46 INFO main - Start service thread:TimerDequeueGetService started:true lastThread:Thread[TimerDequeueGetService,5,main]
2026-03-07 17:19:46 INFO main - Try to start service thread:TimerDequeueGetMessageService started:false lastThread:null
2026-03-07 17:19:46 INFO main - Start service thread:TimerDequeueGetMessageService started:true lastThread:Thread[TimerDequeueGetMessageService,5,main]
2026-03-07 17:19:46 INFO main - Try to start service thread:TimerDequeueGetMessageService started:false lastThread:null
2026-03-07 17:19:46 INFO main - Start service thread:TimerDequeueGetMessageService started:true lastThread:Thread[TimerDequeueGetMessageService,5,main]
2026-03-07 17:19:46 INFO main - Try to start service thread:TimerDequeueGetMessageService started:false lastThread:null
2026-03-07 17:19:46 INFO main - Start service thread:TimerDequeueGetMessageService started:true lastThread:Thread[TimerDequeueGetMessageService,5,main]
2026-03-07 17:19:46 INFO main - Try to start service thread:TimerDequeuePutMessageService started:false lastThread:null
2026-03-07 17:19:46 INFO main - Start service thread:TimerDequeuePutMessageService started:true lastThread:Thread[TimerDequeuePutMessageService,5,main]
2026-03-07 17:19:46 INFO main - Try to start service thread:TimerDequeuePutMessageService started:false lastThread:null
2026-03-07 17:19:46 INFO main - Start service thread:TimerDequeuePutMessageService started:true lastThread:Thread[TimerDequeuePutMessageService,5,main]
2026-03-07 17:19:46 INFO main - Try to start service thread:TimerDequeuePutMessageService started:false lastThread:null
2026-03-07 17:19:46 INFO main - Start service thread:TimerDequeuePutMessageService started:true lastThread:Thread[TimerDequeuePutMessageService,5,main]
2026-03-07 17:19:46 INFO main - Try to start service thread:TimerFlushService started:false lastThread:null
2026-03-07 17:19:46 INFO main - Start service thread:TimerFlushService started:true lastThread:Thread[TimerFlushService,5,main]
2026-03-07 17:19:46 INFO main - Try to start service thread:NettyEventExecutor started:false lastThread:null
2026-03-07 17:19:46 INFO main - Start service thread:NettyEventExecutor started:true lastThread:Thread[NettyEventExecutor,5,main]
2026-03-07 17:19:46 INFO main - Try to start service thread:NettyEventExecutor started:false lastThread:null
2026-03-07 17:19:46 INFO main - Start service thread:NettyEventExecutor started:true lastThread:Thread[NettyEventExecutor,5,main]
2026-03-07 17:19:46 INFO main - Try to start service thread:PopLongPollingService started:false lastThread:null
2026-03-07 17:19:46 INFO main - Start service thread:PopLongPollingService started:true lastThread:Thread[PopLongPollingService,5,main]
2026-03-07 17:19:46 INFO main - Try to start service thread:PopBufferMergeService started:false lastThread:null
2026-03-07 17:19:46 INFO main - Start service thread:PopBufferMergeService started:true lastThread:Thread[PopBufferMergeService,5,main]
2026-03-07 17:19:46 INFO main - Try to start service thread:QueueLockManager started:false lastThread:null
2026-03-07 17:19:46 INFO main - Start service thread:QueueLockManager started:true lastThread:Thread[QueueLockManager,5,main]
2026-03-07 17:19:46 INFO main - Try to start service thread:PopReviveService_0 started:false lastThread:null
2026-03-07 17:19:47 INFO main - Start service thread:PopReviveService_0 started:true lastThread:Thread[PopReviveService_0,5,main]
2026-03-07 17:19:47 INFO main - Try to start service thread:PopReviveService_1 started:false lastThread:null
2026-03-07 17:19:47 INFO main - Start service thread:PopReviveService_1 started:true lastThread:Thread[PopReviveService_1,5,main]
2026-03-07 17:19:47 INFO main - Try to start service thread:PopReviveService_2 started:false lastThread:null
2026-03-07 17:19:47 INFO main - Start service thread:PopReviveService_2 started:true lastThread:Thread[PopReviveService_2,5,main]
2026-03-07 17:19:47 INFO main - Try to start service thread:PopReviveService_3 started:false lastThread:null
2026-03-07 17:19:47 INFO main - Start service thread:PopReviveService_3 started:true lastThread:Thread[PopReviveService_3,5,main]
2026-03-07 17:19:47 INFO main - Try to start service thread:PopReviveService_4 started:false lastThread:null
2026-03-07 17:19:47 INFO main - Start service thread:PopReviveService_4 started:true lastThread:Thread[PopReviveService_4,5,main]
2026-03-07 17:19:47 INFO main - Try to start service thread:PopReviveService_5 started:false lastThread:null
2026-03-07 17:19:47 INFO main - Start service thread:PopReviveService_5 started:true lastThread:Thread[PopReviveService_5,5,main]
2026-03-07 17:19:47 INFO main - Try to start service thread:PopReviveService_6 started:false lastThread:null
2026-03-07 17:19:47 INFO main - Start service thread:PopReviveService_6 started:true lastThread:Thread[PopReviveService_6,5,main]
2026-03-07 17:19:47 INFO main - Try to start service thread:PopReviveService_7 started:false lastThread:null
2026-03-07 17:19:47 INFO main - Start service thread:PopReviveService_7 started:true lastThread:Thread[PopReviveService_7,5,main]
2026-03-07 17:19:47 INFO main - Try to start service thread:PopLongPollingService started:false lastThread:null
2026-03-07 17:19:47 INFO main - Start service thread:PopLongPollingService started:true lastThread:Thread[PopLongPollingService,5,main]
2026-03-07 17:19:47 INFO main - Try to start service thread:TopicQueueMappingCleanService started:false lastThread:null
2026-03-07 17:19:47 INFO main - Start service thread:TopicQueueMappingCleanService started:true lastThread:Thread[TopicQueueMappingCleanService,5,main]
2026-03-07 17:19:47 INFO TopicQueueMappingCleanService - Start topic queue mapping clean service thread!
2026-03-07 17:19:47 INFO main - Try to start service thread:FileWatchService started:false lastThread:null
2026-03-07 17:19:47 INFO main - Start service thread:FileWatchService started:true lastThread:Thread[FileWatchService,5,main]
2026-03-07 17:19:47 INFO FileWatchService - FileWatchService service started
2026-03-07 17:19:47 INFO main - Try to start service thread:PullRequestHoldService started:false lastThread:null
2026-03-07 17:19:47 INFO main - Start service thread:PullRequestHoldService started:true lastThread:Thread[PullRequestHoldService,5,main]
2026-03-07 17:19:47 INFO PullRequestHoldService - PullRequestHoldService service started
2026-03-07 17:19:47 INFO main - Try to start service thread:BroadcastOffsetManager started:false lastThread:null
2026-03-07 17:19:47 INFO main - Start service thread:BroadcastOffsetManager started:true lastThread:Thread[BroadcastOffsetManager,5,main]
2026-03-07 17:19:47 INFO main - Try to start service thread:ColdDataPullRequestHoldService started:false lastThread:null
2026-03-07 17:19:47 INFO main - Start service thread:ColdDataPullRequestHoldService started:true lastThread:Thread[ColdDataPullRequestHoldService,5,main]
2026-03-07 17:19:47 INFO main - Try to start service thread:ColdDataCgCtrService started:false lastThread:null
2026-03-07 17:19:47 INFO main - Start service thread:ColdDataCgCtrService started:true lastThread:Thread[ColdDataCgCtrService,5,main]
2026-03-07 17:19:47 INFO main - ScheduleServiceStatus changed to true
2026-03-07 17:19:47 INFO main - TransactionCheckService status changed to true
2026-03-07 17:19:47 INFO main - Try to start service thread:TransactionalMessageCheckService started:false lastThread:null
2026-03-07 17:19:47 INFO main - Start service thread:TransactionalMessageCheckService started:true lastThread:Thread[TransactionalMessageCheckService,5,main]
2026-03-07 17:19:47 INFO main - Set PopReviveService Status to true
2026-03-07 17:19:47 INFO brokerOutApi_thread_1 - Registering current broker to name server completed. TargetHost=rocketmq-namesrv:9876
2026-03-07 17:19:47 INFO main - The broker[broker-a, 127.0.0.1:10911] boot success. serializeType=JSON and name server is rocketmq-namesrv:9876
2026-03-07 17:19:56 INFO BrokerControllerScheduledThread1 - Dispatch task fall behind commit log 0bytes
2026-03-07 17:19:57 INFO brokerOutApi_thread_2 - Registering current broker to name server completed. TargetHost=rocketmq-namesrv:9876
2026-03-07 17:20:27 INFO brokerOutApi_thread_3 - Registering current broker to name server completed. TargetHost=rocketmq-namesrv:9876
2026-03-07 17:20:56 INFO BrokerControllerScheduledThread1 - Dispatch task fall behind commit log 0bytes
2026-03-07 17:20:57 INFO brokerOutApi_thread_4 - Registering current broker to name server completed. TargetHost=rocketmq-namesrv:9876
2026-03-07 17:21:27 INFO brokerOutApi_thread_1 - Registering current broker to name server completed. TargetHost=rocketmq-namesrv:9876
2026-03-07 17:21:56 INFO BrokerControllerScheduledThread1 - Dispatch task fall behind commit log 0bytes
2026-03-07 17:21:57 INFO brokerOutApi_thread_2 - Registering current broker to name server completed. TargetHost=rocketmq-namesrv:9876
2026-03-07 17:22:27 INFO brokerOutApi_thread_3 - Registering current broker to name server completed. TargetHost=rocketmq-namesrv:9876
2026-03-07 17:22:56 INFO BrokerControllerScheduledThread1 - Dispatch task fall behind commit log 0bytes
2026-03-07 17:22:57 INFO brokerOutApi_thread_4 - Registering current broker to name server completed. TargetHost=rocketmq-namesrv:9876
2026-03-07 17:23:27 INFO brokerOutApi_thread_1 - Registering current broker to name server completed. TargetHost=rocketmq-namesrv:9876
2026-03-07 17:23:56 INFO BrokerControllerScheduledThread1 - Dispatch task fall behind commit log 0bytes
2026-03-07 17:23:57 INFO brokerOutApi_thread_2 - Registering current broker to name server completed. TargetHost=rocketmq-namesrv:9876
2026-03-07 17:24:27 INFO brokerOutApi_thread_3 - Registering current broker to name server completed. TargetHost=rocketmq-namesrv:9876
2026-03-07 17:24:56 INFO BrokerControllerScheduledThread1 - Dispatch task fall behind commit log 0bytes
2026-03-07 17:24:57 INFO brokerOutApi_thread_4 - Registering current broker to name server completed. TargetHost=rocketmq-namesrv:9876
2026-03-07 17:25:27 INFO brokerOutApi_thread_1 - Registering current broker to name server completed. TargetHost=rocketmq-namesrv:9876
2026-03-07 17:25:56 INFO BrokerControllerScheduledThread1 - Dispatch task fall behind commit log 0bytes
2026-03-07 17:25:57 INFO brokerOutApi_thread_2 - Registering current broker to name server completed. TargetHost=rocketmq-namesrv:9876
2026-03-07 17:26:27 INFO brokerOutApi_thread_3 - Registering current broker to name server completed. TargetHost=rocketmq-namesrv:9876
2026-03-07 17:26:56 INFO BrokerControllerScheduledThread1 - Dispatch task fall behind commit log 0bytes
2026-03-07 17:26:57 INFO brokerOutApi_thread_4 - Registering current broker to name server completed. TargetHost=rocketmq-namesrv:9876
2026-03-07 17:27:27 INFO brokerOutApi_thread_1 - Registering current broker to name server completed. TargetHost=rocketmq-namesrv:9876
2026-03-07 17:27:56 INFO BrokerControllerScheduledThread1 - Dispatch task fall behind commit log 0bytes
2026-03-07 17:27:57 INFO brokerOutApi_thread_2 - Registering current broker to name server completed. TargetHost=rocketmq-namesrv:9876
2026-03-07 17:28:27 INFO brokerOutApi_thread_3 - Registering current broker to name server completed. TargetHost=rocketmq-namesrv:9876
2026-03-07 17:28:56 INFO BrokerControllerScheduledThread1 - Dispatch task fall behind commit log 0bytes
2026-03-07 17:28:57 INFO brokerOutApi_thread_4 - Registering current broker to name server completed. TargetHost=rocketmq-namesrv:9876
2026-03-07 17:29:27 INFO brokerOutApi_thread_1 - Registering current broker to name server completed. TargetHost=rocketmq-namesrv:9876
2026-03-07 17:29:56 INFO BrokerControllerScheduledThread1 - Dispatch task fall behind commit log 0bytes
2026-03-07 17:29:57 INFO brokerOutApi_thread_2 - Registering current broker to name server completed. TargetHost=rocketmq-namesrv:9876
2026-03-07 17:30:27 INFO brokerOutApi_thread_3 - Registering current broker to name server completed. TargetHost=rocketmq-namesrv:9876
2026-03-07 17:30:56 INFO BrokerControllerScheduledThread1 - Dispatch task fall behind commit log 0bytes
2026-03-07 17:30:57 INFO brokerOutApi_thread_4 - Registering current broker to name server completed. TargetHost=rocketmq-namesrv:9876
2026-03-07 17:31:27 INFO brokerOutApi_thread_1 - Registering current broker to name server completed. TargetHost=rocketmq-namesrv:9876
2026-03-07 17:31:56 INFO BrokerControllerScheduledThread1 - Dispatch task fall behind commit log 0bytes
2026-03-07 17:31:57 INFO brokerOutApi_thread_2 - Registering current broker to name server completed. TargetHost=rocketmq-namesrv:9876
2026-03-07 17:32:27 INFO brokerOutApi_thread_3 - Registering current broker to name server completed. TargetHost=rocketmq-namesrv:9876
2026-03-07 17:32:56 INFO BrokerControllerScheduledThread1 - Dispatch task fall behind commit log 0bytes
2026-03-07 17:32:57 INFO brokerOutApi_thread_4 - Registering current broker to name server completed. TargetHost=rocketmq-namesrv:9876
2026-03-07 17:33:27 INFO brokerOutApi_thread_1 - Registering current broker to name server completed. TargetHost=rocketmq-namesrv:9876
2026-03-07 17:33:56 INFO BrokerControllerScheduledThread1 - Dispatch task fall behind commit log 0bytes
2026-03-07 17:33:57 INFO brokerOutApi_thread_2 - Registering current broker to name server completed. TargetHost=rocketmq-namesrv:9876
2026-03-07 17:34:27 INFO brokerOutApi_thread_3 - Registering current broker to name server completed. TargetHost=rocketmq-namesrv:9876
2026-03-07 17:34:56 INFO BrokerControllerScheduledThread1 - Dispatch task fall behind commit log 0bytes
2026-03-07 17:34:57 INFO brokerOutApi_thread_4 - Registering current broker to name server completed. TargetHost=rocketmq-namesrv:9876
2026-03-07 17:35:27 INFO brokerOutApi_thread_1 - Registering current broker to name server completed. TargetHost=rocketmq-namesrv:9876
2026-03-07 17:35:56 INFO BrokerControllerScheduledThread1 - Dispatch task fall behind commit log 0bytes
2026-03-07 17:35:57 INFO brokerOutApi_thread_2 - Registering current broker to name server completed. TargetHost=rocketmq-namesrv:9876
2026-03-07 17:36:27 INFO brokerOutApi_thread_3 - Registering current broker to name server completed. TargetHost=rocketmq-namesrv:9876
2026-03-07 17:36:56 INFO BrokerControllerScheduledThread1 - Dispatch task fall behind commit log 0bytes
2026-03-07 17:36:57 INFO brokerOutApi_thread_4 - Registering current broker to name server completed. TargetHost=rocketmq-namesrv:9876
2026-03-07 17:37:27 INFO brokerOutApi_thread_1 - Registering current broker to name server completed. TargetHost=rocketmq-namesrv:9876
2026-03-07 17:37:56 INFO BrokerControllerScheduledThread1 - Dispatch task fall behind commit log 0bytes
2026-03-07 17:37:57 INFO brokerOutApi_thread_2 - Registering current broker to name server completed. TargetHost=rocketmq-namesrv:9876
2026-03-07 17:38:27 INFO brokerOutApi_thread_3 - Registering current broker to name server completed. TargetHost=rocketmq-namesrv:9876
2026-03-07 17:38:56 INFO BrokerControllerScheduledThread1 - Dispatch task fall behind commit log 0bytes
2026-03-07 17:38:57 INFO brokerOutApi_thread_4 - Registering current broker to name server completed. TargetHost=rocketmq-namesrv:9876
2026-03-07 17:39:27 INFO brokerOutApi_thread_1 - Registering current broker to name server completed. TargetHost=rocketmq-namesrv:9876
2026-03-07 17:39:56 INFO BrokerControllerScheduledThread1 - Dispatch task fall behind commit log 0bytes
2026-03-07 17:39:57 INFO brokerOutApi_thread_2 - Registering current broker to name server completed. TargetHost=rocketmq-namesrv:9876
2026-03-07 17:40:27 INFO brokerOutApi_thread_3 - Registering current broker to name server completed. TargetHost=rocketmq-namesrv:9876
2026-03-07 17:40:56 INFO BrokerControllerScheduledThread1 - Dispatch task fall behind commit log 0bytes
2026-03-07 17:40:57 INFO brokerOutApi_thread_4 - Registering current broker to name server completed. TargetHost=rocketmq-namesrv:9876
2026-03-07 17:41:27 INFO brokerOutApi_thread_1 - Registering current broker to name server completed. TargetHost=rocketmq-namesrv:9876
2026-03-07 17:41:56 INFO BrokerControllerScheduledThread1 - Dispatch task fall behind commit log 0bytes
2026-03-07 17:41:57 INFO brokerOutApi_thread_2 - Registering current broker to name server completed. TargetHost=rocketmq-namesrv:9876
2026-03-07 17:42:27 INFO brokerOutApi_thread_3 - Registering current broker to name server completed. TargetHost=rocketmq-namesrv:9876
2026-03-07 17:42:56 INFO BrokerControllerScheduledThread1 - Dispatch task fall behind commit log 0bytes
2026-03-07 17:42:57 INFO brokerOutApi_thread_4 - Registering current broker to name server completed. TargetHost=rocketmq-namesrv:9876
2026-03-07 17:43:27 INFO brokerOutApi_thread_1 - Registering current broker to name server completed. TargetHost=rocketmq-namesrv:9876
2026-03-07 17:43:56 INFO BrokerControllerScheduledThread1 - Dispatch task fall behind commit log 0bytes
2026-03-07 17:43:57 INFO brokerOutApi_thread_2 - Registering current broker to name server completed. TargetHost=rocketmq-namesrv:9876
2026-03-07 17:44:27 INFO brokerOutApi_thread_3 - Registering current broker to name server completed. TargetHost=rocketmq-namesrv:9876
2026-03-07 17:44:56 INFO BrokerControllerScheduledThread1 - Dispatch task fall behind commit log 0bytes
2026-03-07 17:44:57 INFO brokerOutApi_thread_4 - Registering current broker to name server completed. TargetHost=rocketmq-namesrv:9876
2026-03-07 17:45:27 INFO brokerOutApi_thread_1 - Registering current broker to name server completed. TargetHost=rocketmq-namesrv:9876
2026-03-07 17:45:56 INFO BrokerControllerScheduledThread1 - Dispatch task fall behind commit log 0bytes
2026-03-07 17:45:57 INFO brokerOutApi_thread_2 - Registering current broker to name server completed. TargetHost=rocketmq-namesrv:9876
2026-03-07 17:46:27 INFO brokerOutApi_thread_3 - Registering current broker to name server completed. TargetHost=rocketmq-namesrv:9876
2026-03-07 17:46:56 INFO BrokerControllerScheduledThread1 - Dispatch task fall behind commit log 0bytes
2026-03-07 17:46:57 INFO brokerOutApi_thread_4 - Registering current broker to name server completed. TargetHost=rocketmq-namesrv:9876
2026-03-07 17:47:27 INFO brokerOutApi_thread_1 - Registering current broker to name server completed. TargetHost=rocketmq-namesrv:9876
2026-03-07 17:47:56 INFO BrokerControllerScheduledThread1 - Dispatch task fall behind commit log 0bytes
2026-03-07 17:47:57 INFO brokerOutApi_thread_2 - Registering current broker to name server completed. TargetHost=rocketmq-namesrv:9876
2026-03-07 17:48:27 INFO brokerOutApi_thread_3 - Registering current broker to name server completed. TargetHost=rocketmq-namesrv:9876
2026-03-07 17:48:56 INFO BrokerControllerScheduledThread1 - Dispatch task fall behind commit log 0bytes
2026-03-07 17:48:57 INFO brokerOutApi_thread_4 - Registering current broker to name server completed. TargetHost=rocketmq-namesrv:9876
