2026-03-07 17:19:47 INFO ColdDataPullRequestHoldService - ColdDataPullRequestHoldService service started
2026-03-07 17:19:47 INFO ColdDataCgCtrService - ColdDataCgCtrService service started
2026-03-07 17:20:07 INFO ColdDataPullRequestHoldService - checkColdPullRequest-info-finish, queueSize: 0 successTotal: 0 errorTotal: 0
2026-03-07 17:20:07 INFO ColdDataPullRequestHoldService - [OK] checkColdDataPullRequest-cost 2 ms.
2026-03-07 17:20:27 INFO ColdDataPullRequestHoldService - checkColdPullRequest-info-finish, queueSize: 0 successTotal: 0 errorTotal: 0
2026-03-07 17:20:27 INFO ColdDataPullRequestHoldService - [OK] checkColdDataPullRequest-cost 1 ms.
2026-03-07 17:20:47 INFO ColdDataPullRequestHoldService - checkColdPullRequest-info-finish, queueSize: 0 successTotal: 0 errorTotal: 0
2026-03-07 17:20:47 INFO ColdDataPullRequestHoldService - [OK] checkColdDataPullRequest-cost 1 ms.
2026-03-07 17:21:07 INFO ColdDataPullRequestHoldService - checkColdPullRequest-info-finish, queueSize: 0 successTotal: 0 errorTotal: 0
2026-03-07 17:21:07 INFO ColdDataPullRequestHoldService - [OK] checkColdDataPullRequest-cost 1 ms.
2026-03-07 17:21:27 INFO ColdDataPullRequestHoldService - checkColdPullRequest-info-finish, queueSize: 0 successTotal: 0 errorTotal: 0
2026-03-07 17:21:27 INFO ColdDataPullRequestHoldService - [OK] checkColdDataPullRequest-cost 1 ms.
2026-03-07 17:21:47 INFO ColdDataPullRequestHoldService - checkColdPullRequest-info-finish, queueSize: 0 successTotal: 0 errorTotal: 0
2026-03-07 17:21:47 INFO ColdDataPullRequestHoldService - [OK] checkColdDataPullRequest-cost 1 ms.
2026-03-07 17:22:07 INFO ColdDataPullRequestHoldService - checkColdPullRequest-info-finish, queueSize: 0 successTotal: 0 errorTotal: 0
2026-03-07 17:22:07 INFO ColdDataPullRequestHoldService - [OK] checkColdDataPullRequest-cost 1 ms.
2026-03-07 17:22:27 INFO ColdDataPullRequestHoldService - checkColdPullRequest-info-finish, queueSize: 0 successTotal: 0 errorTotal: 0
2026-03-07 17:22:27 INFO ColdDataPullRequestHoldService - [OK] checkColdDataPullRequest-cost 1 ms.
2026-03-07 17:22:47 INFO ColdDataCgCtrService - clearDataAcc cgColdThresholdMapRuntime key size: 0
2026-03-07 17:22:47 INFO ColdDataCgCtrService - [OK] clearTheDataAcc-cost 18 ms.
2026-03-07 17:22:47 INFO ColdDataPullRequestHoldService - checkColdPullRequest-info-finish, queueSize: 0 successTotal: 0 errorTotal: 0
2026-03-07 17:22:47 INFO ColdDataPullRequestHoldService - [OK] checkColdDataPullRequest-cost 1 ms.
2026-03-07 17:23:07 INFO ColdDataPullRequestHoldService - checkColdPullRequest-info-finish, queueSize: 0 successTotal: 0 errorTotal: 0
2026-03-07 17:23:07 INFO ColdDataPullRequestHoldService - [OK] checkColdDataPullRequest-cost 0 ms.
2026-03-07 17:23:27 INFO ColdDataPullRequestHoldService - checkColdPullRequest-info-finish, queueSize: 0 successTotal: 0 errorTotal: 0
2026-03-07 17:23:27 INFO ColdDataPullRequestHoldService - [OK] checkColdDataPullRequest-cost 1 ms.
2026-03-07 17:23:47 INFO ColdDataPullRequestHoldService - checkColdPullRequest-info-finish, queueSize: 0 successTotal: 0 errorTotal: 0
2026-03-07 17:23:47 INFO ColdDataPullRequestHoldService - [OK] checkColdDataPullRequest-cost 0 ms.
2026-03-07 17:24:07 INFO ColdDataPullRequestHoldService - checkColdPullRequest-info-finish, queueSize: 0 successTotal: 0 errorTotal: 0
2026-03-07 17:24:07 INFO ColdDataPullRequestHoldService - [OK] checkColdDataPullRequest-cost 0 ms.
2026-03-07 17:24:27 INFO ColdDataPullRequestHoldService - checkColdPullRequest-info-finish, queueSize: 0 successTotal: 0 errorTotal: 0
2026-03-07 17:24:27 INFO ColdDataPullRequestHoldService - [OK] checkColdDataPullRequest-cost 0 ms.
2026-03-07 17:24:47 INFO ColdDataPullRequestHoldService - checkColdPullRequest-info-finish, queueSize: 0 successTotal: 0 errorTotal: 0
2026-03-07 17:24:47 INFO ColdDataPullRequestHoldService - [OK] checkColdDataPullRequest-cost 0 ms.
2026-03-07 17:25:07 INFO ColdDataPullRequestHoldService - checkColdPullRequest-info-finish, queueSize: 0 successTotal: 0 errorTotal: 0
2026-03-07 17:25:07 INFO ColdDataPullRequestHoldService - [OK] checkColdDataPullRequest-cost 0 ms.
2026-03-07 17:25:27 INFO ColdDataPullRequestHoldService - checkColdPullRequest-info-finish, queueSize: 0 successTotal: 0 errorTotal: 0
2026-03-07 17:25:27 INFO ColdDataPullRequestHoldService - [OK] checkColdDataPullRequest-cost 0 ms.
2026-03-07 17:25:47 INFO ColdDataCgCtrService - clearDataAcc cgColdThresholdMapRuntime key size: 0
2026-03-07 17:25:47 INFO ColdDataCgCtrService - [OK] clearTheDataAcc-cost 1 ms.
2026-03-07 17:25:47 INFO ColdDataPullRequestHoldService - checkColdPullRequest-info-finish, queueSize: 0 successTotal: 0 errorTotal: 0
2026-03-07 17:25:47 INFO ColdDataPullRequestHoldService - [OK] checkColdDataPullRequest-cost 1 ms.
2026-03-07 17:26:07 INFO ColdDataPullRequestHoldService - checkColdPullRequest-info-finish, queueSize: 0 successTotal: 0 errorTotal: 0
2026-03-07 17:26:07 INFO ColdDataPullRequestHoldService - [OK] checkColdDataPullRequest-cost 0 ms.
2026-03-07 17:26:27 INFO ColdDataPullRequestHoldService - checkColdPullRequest-info-finish, queueSize: 0 successTotal: 0 errorTotal: 0
2026-03-07 17:26:27 INFO ColdDataPullRequestHoldService - [OK] checkColdDataPullRequest-cost 0 ms.
2026-03-07 17:26:47 INFO ColdDataPullRequestHoldService - checkColdPullRequest-info-finish, queueSize: 0 successTotal: 0 errorTotal: 0
2026-03-07 17:26:47 INFO ColdDataPullRequestHoldService - [OK] checkColdDataPullRequest-cost 0 ms.
2026-03-07 17:27:07 INFO ColdDataPullRequestHoldService - checkColdPullRequest-info-finish, queueSize: 0 successTotal: 0 errorTotal: 0
2026-03-07 17:27:07 INFO ColdDataPullRequestHoldService - [OK] checkColdDataPullRequest-cost 0 ms.
2026-03-07 17:27:27 INFO ColdDataPullRequestHoldService - checkColdPullRequest-info-finish, queueSize: 0 successTotal: 0 errorTotal: 0
2026-03-07 17:27:27 INFO ColdDataPullRequestHoldService - [OK] checkColdDataPullRequest-cost 0 ms.
2026-03-07 17:27:47 INFO ColdDataPullRequestHoldService - checkColdPullRequest-info-finish, queueSize: 0 successTotal: 0 errorTotal: 0
2026-03-07 17:27:47 INFO ColdDataPullRequestHoldService - [OK] checkColdDataPullRequest-cost 1 ms.
2026-03-07 17:28:07 INFO ColdDataPullRequestHoldService - checkColdPullRequest-info-finish, queueSize: 0 successTotal: 0 errorTotal: 0
2026-03-07 17:28:07 INFO ColdDataPullRequestHoldService - [OK] checkColdDataPullRequest-cost 0 ms.
2026-03-07 17:28:27 INFO ColdDataPullRequestHoldService - checkColdPullRequest-info-finish, queueSize: 0 successTotal: 0 errorTotal: 0
2026-03-07 17:28:27 INFO ColdDataPullRequestHoldService - [OK] checkColdDataPullRequest-cost 0 ms.
2026-03-07 17:28:47 INFO ColdDataCgCtrService - clearDataAcc cgColdThresholdMapRuntime key size: 0
2026-03-07 17:28:47 INFO ColdDataCgCtrService - [OK] clearTheDataAcc-cost 0 ms.
2026-03-07 17:28:47 INFO ColdDataPullRequestHoldService - checkColdPullRequest-info-finish, queueSize: 0 successTotal: 0 errorTotal: 0
2026-03-07 17:28:47 INFO ColdDataPullRequestHoldService - [OK] checkColdDataPullRequest-cost 0 ms.
2026-03-07 17:29:07 INFO ColdDataPullRequestHoldService - checkColdPullRequest-info-finish, queueSize: 0 successTotal: 0 errorTotal: 0
2026-03-07 17:29:07 INFO ColdDataPullRequestHoldService - [OK] checkColdDataPullRequest-cost 1 ms.
2026-03-07 17:29:27 INFO ColdDataPullRequestHoldService - checkColdPullRequest-info-finish, queueSize: 0 successTotal: 0 errorTotal: 0
2026-03-07 17:29:27 INFO ColdDataPullRequestHoldService - [OK] checkColdDataPullRequest-cost 1 ms.
2026-03-07 17:29:47 INFO ColdDataPullRequestHoldService - checkColdPullRequest-info-finish, queueSize: 0 successTotal: 0 errorTotal: 0
2026-03-07 17:29:47 INFO ColdDataPullRequestHoldService - [OK] checkColdDataPullRequest-cost 0 ms.
2026-03-07 17:30:07 INFO ColdDataPullRequestHoldService - checkColdPullRequest-info-finish, queueSize: 0 successTotal: 0 errorTotal: 0
2026-03-07 17:30:07 INFO ColdDataPullRequestHoldService - [OK] checkColdDataPullRequest-cost 1 ms.
2026-03-07 17:30:27 INFO ColdDataPullRequestHoldService - checkColdPullRequest-info-finish, queueSize: 0 successTotal: 0 errorTotal: 0
2026-03-07 17:30:27 INFO ColdDataPullRequestHoldService - [OK] checkColdDataPullRequest-cost 1 ms.
2026-03-07 17:30:47 INFO ColdDataPullRequestHoldService - checkColdPullRequest-info-finish, queueSize: 0 successTotal: 0 errorTotal: 0
2026-03-07 17:30:47 INFO ColdDataPullRequestHoldService - [OK] checkColdDataPullRequest-cost 0 ms.
2026-03-07 17:31:07 INFO ColdDataPullRequestHoldService - checkColdPullRequest-info-finish, queueSize: 0 successTotal: 0 errorTotal: 0
2026-03-07 17:31:07 INFO ColdDataPullRequestHoldService - [OK] checkColdDataPullRequest-cost 0 ms.
2026-03-07 17:31:27 INFO ColdDataPullRequestHoldService - checkColdPullRequest-info-finish, queueSize: 0 successTotal: 0 errorTotal: 0
2026-03-07 17:31:27 INFO ColdDataPullRequestHoldService - [OK] checkColdDataPullRequest-cost 1 ms.
2026-03-07 17:31:47 INFO ColdDataCgCtrService - clearDataAcc cgColdThresholdMapRuntime key size: 0
2026-03-07 17:31:47 INFO ColdDataCgCtrService - [OK] clearTheDataAcc-cost 0 ms.
2026-03-07 17:31:47 INFO ColdDataPullRequestHoldService - checkColdPullRequest-info-finish, queueSize: 0 successTotal: 0 errorTotal: 0
2026-03-07 17:31:47 INFO ColdDataPullRequestHoldService - [OK] checkColdDataPullRequest-cost 0 ms.
2026-03-07 17:32:07 INFO ColdDataPullRequestHoldService - checkColdPullRequest-info-finish, queueSize: 0 successTotal: 0 errorTotal: 0
2026-03-07 17:32:07 INFO ColdDataPullRequestHoldService - [OK] checkColdDataPullRequest-cost 1 ms.
2026-03-07 17:32:27 INFO ColdDataPullRequestHoldService - checkColdPullRequest-info-finish, queueSize: 0 successTotal: 0 errorTotal: 0
2026-03-07 17:32:27 INFO ColdDataPullRequestHoldService - [OK] checkColdDataPullRequest-cost 1 ms.
2026-03-07 17:32:47 INFO ColdDataPullRequestHoldService - checkColdPullRequest-info-finish, queueSize: 0 successTotal: 0 errorTotal: 0
2026-03-07 17:32:47 INFO ColdDataPullRequestHoldService - [OK] checkColdDataPullRequest-cost 1 ms.
2026-03-07 17:33:07 INFO ColdDataPullRequestHoldService - checkColdPullRequest-info-finish, queueSize: 0 successTotal: 0 errorTotal: 0
2026-03-07 17:33:07 INFO ColdDataPullRequestHoldService - [OK] checkColdDataPullRequest-cost 0 ms.
2026-03-07 17:33:27 INFO ColdDataPullRequestHoldService - checkColdPullRequest-info-finish, queueSize: 0 successTotal: 0 errorTotal: 0
2026-03-07 17:33:27 INFO ColdDataPullRequestHoldService - [OK] checkColdDataPullRequest-cost 0 ms.
2026-03-07 17:33:47 INFO ColdDataPullRequestHoldService - checkColdPullRequest-info-finish, queueSize: 0 successTotal: 0 errorTotal: 0
2026-03-07 17:33:47 INFO ColdDataPullRequestHoldService - [OK] checkColdDataPullRequest-cost 0 ms.
2026-03-07 17:34:07 INFO ColdDataPullRequestHoldService - checkColdPullRequest-info-finish, queueSize: 0 successTotal: 0 errorTotal: 0
2026-03-07 17:34:07 INFO ColdDataPullRequestHoldService - [OK] checkColdDataPullRequest-cost 1 ms.
2026-03-07 17:34:27 INFO ColdDataPullRequestHoldService - checkColdPullRequest-info-finish, queueSize: 0 successTotal: 0 errorTotal: 0
2026-03-07 17:34:27 INFO ColdDataPullRequestHoldService - [OK] checkColdDataPullRequest-cost 0 ms.
2026-03-07 17:34:47 INFO ColdDataCgCtrService - clearDataAcc cgColdThresholdMapRuntime key size: 0
2026-03-07 17:34:47 INFO ColdDataCgCtrService - [OK] clearTheDataAcc-cost 0 ms.
2026-03-07 17:34:47 INFO ColdDataPullRequestHoldService - checkColdPullRequest-info-finish, queueSize: 0 successTotal: 0 errorTotal: 0
2026-03-07 17:34:47 INFO ColdDataPullRequestHoldService - [OK] checkColdDataPullRequest-cost 0 ms.
2026-03-07 17:35:07 INFO ColdDataPullRequestHoldService - checkColdPullRequest-info-finish, queueSize: 0 successTotal: 0 errorTotal: 0
2026-03-07 17:35:07 INFO ColdDataPullRequestHoldService - [OK] checkColdDataPullRequest-cost 2 ms.
2026-03-07 17:35:27 INFO ColdDataPullRequestHoldService - checkColdPullRequest-info-finish, queueSize: 0 successTotal: 0 errorTotal: 0
2026-03-07 17:35:27 INFO ColdDataPullRequestHoldService - [OK] checkColdDataPullRequest-cost 2 ms.
2026-03-07 17:35:47 INFO ColdDataPullRequestHoldService - checkColdPullRequest-info-finish, queueSize: 0 successTotal: 0 errorTotal: 0
2026-03-07 17:35:47 INFO ColdDataPullRequestHoldService - [OK] checkColdDataPullRequest-cost 1 ms.
2026-03-07 17:36:07 INFO ColdDataPullRequestHoldService - checkColdPullRequest-info-finish, queueSize: 0 successTotal: 0 errorTotal: 0
2026-03-07 17:36:07 INFO ColdDataPullRequestHoldService - [OK] checkColdDataPullRequest-cost 1 ms.
2026-03-07 17:36:27 INFO ColdDataPullRequestHoldService - checkColdPullRequest-info-finish, queueSize: 0 successTotal: 0 errorTotal: 0
2026-03-07 17:36:27 INFO ColdDataPullRequestHoldService - [OK] checkColdDataPullRequest-cost 2 ms.
2026-03-07 17:36:47 INFO ColdDataPullRequestHoldService - checkColdPullRequest-info-finish, queueSize: 0 successTotal: 0 errorTotal: 0
2026-03-07 17:36:47 INFO ColdDataPullRequestHoldService - [OK] checkColdDataPullRequest-cost 0 ms.
2026-03-07 17:37:07 INFO ColdDataPullRequestHoldService - checkColdPullRequest-info-finish, queueSize: 0 successTotal: 0 errorTotal: 0
2026-03-07 17:37:07 INFO ColdDataPullRequestHoldService - [OK] checkColdDataPullRequest-cost 1 ms.
2026-03-07 17:37:27 INFO ColdDataPullRequestHoldService - checkColdPullRequest-info-finish, queueSize: 0 successTotal: 0 errorTotal: 0
2026-03-07 17:37:27 INFO ColdDataPullRequestHoldService - [OK] checkColdDataPullRequest-cost 1 ms.
2026-03-07 17:37:47 INFO ColdDataCgCtrService - clearDataAcc cgColdThresholdMapRuntime key size: 0
2026-03-07 17:37:47 INFO ColdDataCgCtrService - [OK] clearTheDataAcc-cost 0 ms.
2026-03-07 17:37:47 INFO ColdDataPullRequestHoldService - checkColdPullRequest-info-finish, queueSize: 0 successTotal: 0 errorTotal: 0
2026-03-07 17:37:47 INFO ColdDataPullRequestHoldService - [OK] checkColdDataPullRequest-cost 0 ms.
2026-03-07 17:38:07 INFO ColdDataPullRequestHoldService - checkColdPullRequest-info-finish, queueSize: 0 successTotal: 0 errorTotal: 0
2026-03-07 17:38:07 INFO ColdDataPullRequestHoldService - [OK] checkColdDataPullRequest-cost 1 ms.
2026-03-07 17:38:27 INFO ColdDataPullRequestHoldService - checkColdPullRequest-info-finish, queueSize: 0 successTotal: 0 errorTotal: 0
2026-03-07 17:38:27 INFO ColdDataPullRequestHoldService - [OK] checkColdDataPullRequest-cost 1 ms.
2026-03-07 17:38:47 INFO ColdDataPullRequestHoldService - checkColdPullRequest-info-finish, queueSize: 0 successTotal: 0 errorTotal: 0
2026-03-07 17:38:47 INFO ColdDataPullRequestHoldService - [OK] checkColdDataPullRequest-cost 1 ms.
2026-03-07 17:39:07 INFO ColdDataPullRequestHoldService - checkColdPullRequest-info-finish, queueSize: 0 successTotal: 0 errorTotal: 0
2026-03-07 17:39:07 INFO ColdDataPullRequestHoldService - [OK] checkColdDataPullRequest-cost 1 ms.
2026-03-07 17:39:27 INFO ColdDataPullRequestHoldService - checkColdPullRequest-info-finish, queueSize: 0 successTotal: 0 errorTotal: 0
2026-03-07 17:39:27 INFO ColdDataPullRequestHoldService - [OK] checkColdDataPullRequest-cost 1 ms.
2026-03-07 17:39:47 INFO ColdDataPullRequestHoldService - checkColdPullRequest-info-finish, queueSize: 0 successTotal: 0 errorTotal: 0
2026-03-07 17:39:47 INFO ColdDataPullRequestHoldService - [OK] checkColdDataPullRequest-cost 1 ms.
2026-03-07 17:40:07 INFO ColdDataPullRequestHoldService - checkColdPullRequest-info-finish, queueSize: 0 successTotal: 0 errorTotal: 0
2026-03-07 17:40:07 INFO ColdDataPullRequestHoldService - [OK] checkColdDataPullRequest-cost 0 ms.
2026-03-07 17:40:27 INFO ColdDataPullRequestHoldService - checkColdPullRequest-info-finish, queueSize: 0 successTotal: 0 errorTotal: 0
2026-03-07 17:40:27 INFO ColdDataPullRequestHoldService - [OK] checkColdDataPullRequest-cost 0 ms.
2026-03-07 17:40:47 INFO ColdDataCgCtrService - clearDataAcc cgColdThresholdMapRuntime key size: 0
2026-03-07 17:40:47 INFO ColdDataCgCtrService - [OK] clearTheDataAcc-cost 1 ms.
2026-03-07 17:40:47 INFO ColdDataPullRequestHoldService - checkColdPullRequest-info-finish, queueSize: 0 successTotal: 0 errorTotal: 0
2026-03-07 17:40:47 INFO ColdDataPullRequestHoldService - [OK] checkColdDataPullRequest-cost 1 ms.
2026-03-07 17:41:07 INFO ColdDataPullRequestHoldService - checkColdPullRequest-info-finish, queueSize: 0 successTotal: 0 errorTotal: 0
2026-03-07 17:41:07 INFO ColdDataPullRequestHoldService - [OK] checkColdDataPullRequest-cost 1 ms.
2026-03-07 17:41:27 INFO ColdDataPullRequestHoldService - checkColdPullRequest-info-finish, queueSize: 0 successTotal: 0 errorTotal: 0
2026-03-07 17:41:27 INFO ColdDataPullRequestHoldService - [OK] checkColdDataPullRequest-cost 1 ms.
2026-03-07 17:41:47 INFO ColdDataPullRequestHoldService - checkColdPullRequest-info-finish, queueSize: 0 successTotal: 0 errorTotal: 0
2026-03-07 17:41:47 INFO ColdDataPullRequestHoldService - [OK] checkColdDataPullRequest-cost 1 ms.
2026-03-07 17:42:07 INFO ColdDataPullRequestHoldService - checkColdPullRequest-info-finish, queueSize: 0 successTotal: 0 errorTotal: 0
2026-03-07 17:42:07 INFO ColdDataPullRequestHoldService - [OK] checkColdDataPullRequest-cost 0 ms.
2026-03-07 17:42:27 INFO ColdDataPullRequestHoldService - checkColdPullRequest-info-finish, queueSize: 0 successTotal: 0 errorTotal: 0
2026-03-07 17:42:27 INFO ColdDataPullRequestHoldService - [OK] checkColdDataPullRequest-cost 0 ms.
2026-03-07 17:42:47 INFO ColdDataPullRequestHoldService - checkColdPullRequest-info-finish, queueSize: 0 successTotal: 0 errorTotal: 0
2026-03-07 17:42:47 INFO ColdDataPullRequestHoldService - [OK] checkColdDataPullRequest-cost 0 ms.
2026-03-07 17:43:07 INFO ColdDataPullRequestHoldService - checkColdPullRequest-info-finish, queueSize: 0 successTotal: 0 errorTotal: 0
2026-03-07 17:43:07 INFO ColdDataPullRequestHoldService - [OK] checkColdDataPullRequest-cost 1 ms.
2026-03-07 17:43:27 INFO ColdDataPullRequestHoldService - checkColdPullRequest-info-finish, queueSize: 0 successTotal: 0 errorTotal: 0
2026-03-07 17:43:27 INFO ColdDataPullRequestHoldService - [OK] checkColdDataPullRequest-cost 1 ms.
2026-03-07 17:43:47 INFO ColdDataCgCtrService - clearDataAcc cgColdThresholdMapRuntime key size: 0
2026-03-07 17:43:47 INFO ColdDataCgCtrService - [OK] clearTheDataAcc-cost 0 ms.
2026-03-07 17:43:47 INFO ColdDataPullRequestHoldService - checkColdPullRequest-info-finish, queueSize: 0 successTotal: 0 errorTotal: 0
2026-03-07 17:43:47 INFO ColdDataPullRequestHoldService - [OK] checkColdDataPullRequest-cost 1 ms.
2026-03-07 17:44:07 INFO ColdDataPullRequestHoldService - checkColdPullRequest-info-finish, queueSize: 0 successTotal: 0 errorTotal: 0
2026-03-07 17:44:07 INFO ColdDataPullRequestHoldService - [OK] checkColdDataPullRequest-cost 1 ms.
2026-03-07 17:44:27 INFO ColdDataPullRequestHoldService - checkColdPullRequest-info-finish, queueSize: 0 successTotal: 0 errorTotal: 0
2026-03-07 17:44:27 INFO ColdDataPullRequestHoldService - [OK] checkColdDataPullRequest-cost 1 ms.
2026-03-07 17:44:47 INFO ColdDataPullRequestHoldService - checkColdPullRequest-info-finish, queueSize: 0 successTotal: 0 errorTotal: 0
2026-03-07 17:44:47 INFO ColdDataPullRequestHoldService - [OK] checkColdDataPullRequest-cost 1 ms.
2026-03-07 17:45:07 INFO ColdDataPullRequestHoldService - checkColdPullRequest-info-finish, queueSize: 0 successTotal: 0 errorTotal: 0
2026-03-07 17:45:07 INFO ColdDataPullRequestHoldService - [OK] checkColdDataPullRequest-cost 1 ms.
2026-03-07 17:45:27 INFO ColdDataPullRequestHoldService - checkColdPullRequest-info-finish, queueSize: 0 successTotal: 0 errorTotal: 0
2026-03-07 17:45:27 INFO ColdDataPullRequestHoldService - [OK] checkColdDataPullRequest-cost 2 ms.
2026-03-07 17:45:47 INFO ColdDataPullRequestHoldService - checkColdPullRequest-info-finish, queueSize: 0 successTotal: 0 errorTotal: 0
2026-03-07 17:45:47 INFO ColdDataPullRequestHoldService - [OK] checkColdDataPullRequest-cost 0 ms.
2026-03-07 17:46:07 INFO ColdDataPullRequestHoldService - checkColdPullRequest-info-finish, queueSize: 0 successTotal: 0 errorTotal: 0
2026-03-07 17:46:07 INFO ColdDataPullRequestHoldService - [OK] checkColdDataPullRequest-cost 1 ms.
2026-03-07 17:46:27 INFO ColdDataPullRequestHoldService - checkColdPullRequest-info-finish, queueSize: 0 successTotal: 0 errorTotal: 0
2026-03-07 17:46:27 INFO ColdDataPullRequestHoldService - [OK] checkColdDataPullRequest-cost 1 ms.
2026-03-07 17:46:47 INFO ColdDataCgCtrService - clearDataAcc cgColdThresholdMapRuntime key size: 0
2026-03-07 17:46:47 INFO ColdDataCgCtrService - [OK] clearTheDataAcc-cost 1 ms.
2026-03-07 17:46:47 INFO ColdDataPullRequestHoldService - checkColdPullRequest-info-finish, queueSize: 0 successTotal: 0 errorTotal: 0
2026-03-07 17:46:47 INFO ColdDataPullRequestHoldService - [OK] checkColdDataPullRequest-cost 1 ms.
2026-03-07 17:47:07 INFO ColdDataPullRequestHoldService - checkColdPullRequest-info-finish, queueSize: 0 successTotal: 0 errorTotal: 0
2026-03-07 17:47:07 INFO ColdDataPullRequestHoldService - [OK] checkColdDataPullRequest-cost 1 ms.
2026-03-07 17:47:27 INFO ColdDataPullRequestHoldService - checkColdPullRequest-info-finish, queueSize: 0 successTotal: 0 errorTotal: 0
2026-03-07 17:47:27 INFO ColdDataPullRequestHoldService - [OK] checkColdDataPullRequest-cost 1 ms.
2026-03-07 17:47:47 INFO ColdDataPullRequestHoldService - checkColdPullRequest-info-finish, queueSize: 0 successTotal: 0 errorTotal: 0
2026-03-07 17:47:47 INFO ColdDataPullRequestHoldService - [OK] checkColdDataPullRequest-cost 2 ms.
2026-03-07 17:48:07 INFO ColdDataPullRequestHoldService - checkColdPullRequest-info-finish, queueSize: 0 successTotal: 0 errorTotal: 0
2026-03-07 17:48:07 INFO ColdDataPullRequestHoldService - [OK] checkColdDataPullRequest-cost 1 ms.
2026-03-07 17:48:27 INFO ColdDataPullRequestHoldService - checkColdPullRequest-info-finish, queueSize: 0 successTotal: 0 errorTotal: 0
2026-03-07 17:48:27 INFO ColdDataPullRequestHoldService - [OK] checkColdDataPullRequest-cost 1 ms.
2026-03-07 17:48:47 INFO ColdDataPullRequestHoldService - checkColdPullRequest-info-finish, queueSize: 0 successTotal: 0 errorTotal: 0
2026-03-07 17:48:47 INFO ColdDataPullRequestHoldService - [OK] checkColdDataPullRequest-cost 1 ms.
2026-03-07 17:49:07 INFO ColdDataPullRequestHoldService - checkColdPullRequest-info-finish, queueSize: 0 successTotal: 0 errorTotal: 0
2026-03-07 17:49:07 INFO ColdDataPullRequestHoldService - [OK] checkColdDataPullRequest-cost 1 ms.
